<?xml version="1.0" encoding="UTF-8"?>
<robot generator="Robot 3.2.2 (Python 3.9.0 on win32)" generated="20210610 12:27:36.927" rpa="false">
<suite id="s1" name="Wadlibrary Location" source="C:\dev\WADLibrary\Demo\wadlibrary_location.robot">
<kw name="Set Up Driver" library="WADLibrary" type="setup">
<status status="PASS" starttime="20210610 12:27:37.020" endtime="20210610 12:27:37.025"></status>
</kw>
<test id="s1-t1" name="Calculator">
<kw name="Set Up" library="WADLibrary" type="setup">
<status status="PASS" starttime="20210610 12:27:37.025" endtime="20210610 12:27:37.697"></status>
</kw>
<kw name="Cmd Run" library="Common">
<arguments>
<arg>calc.exe</arg>
</arguments>
<status status="PASS" starttime="20210610 12:27:37.698" endtime="20210610 12:27:37.702"></status>
</kw>
<kw name="Sleep" library="BuiltIn">
<doc>Pauses the test executed for the given time.</doc>
<arguments>
<arg>1</arg>
</arguments>
<msg timestamp="20210610 12:27:38.710" level="INFO">Slept 1 second</msg>
<status status="PASS" starttime="20210610 12:27:37.703" endtime="20210610 12:27:38.710"></status>
</kw>
<kw name="Attach To Window" library="WADLibrary">
<arguments>
<arg>Calculator</arg>
<arg>Calculator</arg>
</arguments>
<status status="PASS" starttime="20210610 12:27:38.710" endtime="20210610 12:27:38.799"></status>
</kw>
<kw name="Find Location" library="WADLibrary">
<arguments>
<arg>Name</arg>
<arg>One</arg>
</arguments>
<msg timestamp="20210610 12:27:38.807" level="FAIL">------------------------------------ERROR-------------------------------------
Status: 32, invalid selector
Invalid selector: Name
------------------------------------------------------------------------------</msg>
<status status="FAIL" starttime="20210610 12:27:38.800" endtime="20210610 12:27:38.807"></status>
</kw>
<kw name="Clean Up" library="WADLibrary" type="teardown">
<status status="PASS" starttime="20210610 12:27:38.808" endtime="20210610 12:27:38.813"></status>
</kw>
<status status="FAIL" starttime="20210610 12:27:37.025" endtime="20210610 12:27:38.814" critical="yes">------------------------------------ERROR-------------------------------------
Status: 32, invalid selector
Invalid selector: Name
------------------------------------------------------------------------------</status>
</test>
<kw name="Tear Down Driver" library="WADLibrary" type="teardown">
<status status="PASS" starttime="20210610 12:27:38.815" endtime="20210610 12:27:38.821"></status>
</kw>
<status status="FAIL" starttime="20210610 12:27:36.928" endtime="20210610 12:27:38.821"></status>
</suite>
<statistics>
<total>
<stat pass="0" fail="1">Critical Tests</stat>
<stat pass="0" fail="1">All Tests</stat>
</total>
<tag>
</tag>
<suite>
<stat pass="0" fail="1" id="s1" name="Wadlibrary Location">Wadlibrary Location</stat>
</suite>
</statistics>
<errors>
</errors>
</robot>
